-------------------------------------------------------------------------------
Test set: project.Justina.domain.dto.TelemetryDTOTest
-------------------------------------------------------------------------------
Tests run: 12, Failures: 2, Errors: 0, Skipped: 0, Time elapsed: 0.783 s <<< FAILURE! -- in project.Justina.domain.dto.TelemetryDTOTest
project.Justina.domain.dto.TelemetryDTOTest.telemetryDTO_ValidationFails_WithNullCoordinates -- Time elapsed: 0.016 s <<< FAILURE!
org.opentest4j.AssertionFailedError: expected: <1> but was: <2>
	at org.junit.jupiter.api.AssertionFailureBuilder.build(AssertionFailureBuilder.java:158)
	at org.junit.jupiter.api.AssertionFailureBuilder.buildAndThrow(AssertionFailureBuilder.java:139)
	at org.junit.jupiter.api.AssertEquals.failNotEqual(AssertEquals.java:201)
	at org.junit.jupiter.api.AssertEquals.assertEquals(AssertEquals.java:152)
	at org.junit.jupiter.api.AssertEquals.assertEquals(AssertEquals.java:147)
	at org.junit.jupiter.api.Assertions.assertEquals(Assertions.java:558)
	at project.Justina.domain.dto.TelemetryDTOTest.telemetryDTO_ValidationFails_WithNullCoordinates(TelemetryDTOTest.java:72)

project.Justina.domain.dto.TelemetryDTOTest.telemetryDTO_ValidationFails_WithEmptyCoordinates -- Time elapsed: 0.012 s <<< FAILURE!
org.opentest4j.AssertionFailedError: expected: <1> but was: <2>
	at org.junit.jupiter.api.AssertionFailureBuilder.build(AssertionFailureBuilder.java:158)
	at org.junit.jupiter.api.AssertionFailureBuilder.buildAndThrow(AssertionFailureBuilder.java:139)
	at org.junit.jupiter.api.AssertEquals.failNotEqual(AssertEquals.java:201)
	at org.junit.jupiter.api.AssertEquals.assertEquals(AssertEquals.java:152)
	at org.junit.jupiter.api.AssertEquals.assertEquals(AssertEquals.java:147)
	at org.junit.jupiter.api.Assertions.assertEquals(Assertions.java:558)
	at project.Justina.domain.dto.TelemetryDTOTest.telemetryDTO_ValidationFails_WithEmptyCoordinates(TelemetryDTOTest.java:91)

